<?xml version="1.0" encoding="UTF-8"?>
<testng-results ignored="0" total="1" passed="1" failed="0" skipped="0">
  <reporter-output>
  </reporter-output>
  <suite started-at="2025-07-29T14:24:03 IST" name="Default suite" finished-at="2025-07-29T14:24:21 IST" duration-ms="18817">
    <groups>
    </groups>
    <test started-at="2025-07-29T14:24:03 IST" name="Default test" finished-at="2025-07-29T14:24:21 IST" duration-ms="18817">
      <class name="blazedemo.testscript.Booktheflight">
        <test-method signature="destinationdetails()[pri:0, instance:blazedemo.testscript.Booktheflight@3d74bf60]" started-at="2025-07-29T14:24:03 IST" name="destinationdetails" finished-at="2025-07-29T14:24:21 IST" duration-ms="18727" status="PASS">
          <reporter-output>
          </reporter-output>
        </test-method> <!-- destinationdetails -->
      </class> <!-- blazedemo.testscript.Booktheflight -->
    </test> <!-- Default test -->
  </suite> <!-- Default suite -->
</testng-results>
